#
# A fatal error has been detected by the Java Runtime Environment:
#
#  EXCEPTION_ACCESS_VIOLATION (0xc0000005) at pc=0x00007ffcaee30103, pid=11616, tid=3912
#
# JRE version: OpenJDK Runtime Environment (11.0.8+10) (build 11.0.8+10-b944.6842174)
# Java VM: OpenJDK 64-Bit Server VM (11.0.8+10-b944.6842174, mixed mode, tiered, compressed oops, g1 gc, windows-amd64)
# Problematic frame:
# V  [jvm.dll+0x370103]
#
# No core dump will be written. Minidumps are not enabled by default on client versions of Windows
#
# If you would like to submit a bug report, please visit:
#   https://bugreport.java.com/bugreport/crash.jsp
#

---------------  S U M M A R Y ------------

Command Line: --add-opens=java.base/java.util=ALL-UNNAMED --add-opens=java.base/java.lang=ALL-UNNAMED --add-opens=java.base/java.lang.invoke=ALL-UNNAMED --add-opens=java.prefs/java.util.prefs=ALL-UNNAMED -Xmx1536m -Dfile.encoding=windows-1252 -Duser.country=US -Duser.language=en -Duser.variant org.gradle.launcher.daemon.bootstrap.GradleDaemon 6.7.1

Host: Intel(R) Core(TM) i3-3217U CPU @ 1.80GHz, 4 cores, 7G,  Windows 10 , 64 bit Build 16299 (10.0.16299.15)
Time: Tue Aug 30 09:57:52 2022 Egypt Standard Time elapsed time: 2274 seconds (0d 0h 37m 54s)

---------------  T H R E A D  ---------------

Current thread (0x0000025c48385800):  JavaThread "build event listener" [_thread_in_vm, id=3912, stack(0x000000de7de00000,0x000000de7df00000)]

Stack: [0x000000de7de00000,0x000000de7df00000],  sp=0x000000de7def6ef0,  free space=987k
Native frames: (J=compiled Java code, j=interpreted, Vv=VM code, C=native code)
V  [jvm.dll+0x370103]
V  [jvm.dll+0x5de432]
V  [jvm.dll+0x36ff9e]
